22:16:54 [default-nioEventLoopGroup-1-3] INFO  com.restapi.auth.CasbinSecurity - Casbin Authorization successful for path : /person/transferBalanceRequest
22:25:19 [default-nioEventLoopGroup-1-3] INFO  com.restapi.auth.CasbinSecurity - Casbin Authorization successful for path : /person/transferBalanceRequest
22:26:45 [default-nioEventLoopGroup-1-3] INFO  com.restapi.auth.CasbinSecurity - Casbin Authorization successful for path : /person/transferBalanceRequest
22:27:35 [default-nioEventLoopGroup-1-3] INFO  com.restapi.auth.CasbinSecurity - Casbin Authorization successful for path : /person/debit
22:27:35 [default-nioEventLoopGroup-1-3] INFO  com.restapi.Controller.PersonController - com.restapi.Controller.PersonController .HttpResponse<CustomResponse> cashWithdraw(@Body accoNo withdrawAmount)
22:27:41 [default-nioEventLoopGroup-1-3] INFO  com.restapi.auth.CasbinSecurity - Casbin Authorization successful for path : /person/getaccount/224571
22:27:41 [default-nioEventLoopGroup-1-3] INFO  com.restapi.Controller.PersonController - com.restapi.Controller.PersonController .HttpResponse <Account> getAccountByAccNumber(@PathVariable(accoNo) long accoNo)
22:27:49 [default-nioEventLoopGroup-1-3] INFO  com.restapi.auth.CasbinSecurity - Casbin Authorization successful for path : /person/transferBalanceRequest
22:28:01 [default-nioEventLoopGroup-1-3] INFO  com.restapi.auth.CasbinSecurity - Casbin Authorization successful for path : /person/transferBalanceRequest
22:28:55 [default-nioEventLoopGroup-1-2] INFO  com.restapi.auth.CasbinSecurity - Fall back to Micronaut security as authentication is null
22:28:55 [default-nioEventLoopGroup-1-2] INFO  com.restapi.auth.CasbinSecurity - Fall back to Micronaut security as authentication is null
22:28:55 [default-nioEventLoopGroup-1-3] INFO  com.restapi.auth.CasbinSecurity - Fall back to Micronaut security as authentication is null
22:28:55 [default-nioEventLoopGroup-1-4] INFO  com.restapi.auth.CasbinSecurity - Fall back to Micronaut security as authentication is null
22:28:56 [default-nioEventLoopGroup-1-4] INFO  com.restapi.auth.CasbinSecurity - Fall back to Micronaut security as authentication is null
12:45:56 [default-nioEventLoopGroup-1-3] INFO  com.restapi.auth.CasbinSecurity - Fall back to Micronaut security as authentication is null
12:46:19 [default-nioEventLoopGroup-1-3] INFO  com.restapi.auth.CasbinSecurity - Casbin Authorization successful for path : /person/getallaccount
12:46:19 [default-nioEventLoopGroup-1-3] INFO  com.restapi.Controller.PersonController - com.restapi.Controller.PersonController .HttpResponse<List<Account>> getAllAccount()
09:27:28 [default-nioEventLoopGroup-1-3] INFO  com.restapi.auth.CasbinSecurity - Fall back to Micronaut security as authentication is null
09:28:01 [default-nioEventLoopGroup-1-3] INFO  com.restapi.auth.CasbinSecurity - Casbin Authorization successful for path : /person/statement
09:29:02 [default-nioEventLoopGroup-1-3] INFO  com.restapi.auth.CasbinSecurity - Casbin Authorization successful for path : /person/statement
09:33:05 [default-nioEventLoopGroup-1-3] INFO  com.restapi.auth.CasbinSecurity - Casbin Authorization successful for path : /person/statement
09:37:20 [default-nioEventLoopGroup-1-3] INFO  com.restapi.auth.CasbinSecurity - Casbin Authorization successful for path : /person/transferBalanceRequest
09:37:54 [default-nioEventLoopGroup-1-3] INFO  com.restapi.auth.CasbinSecurity - Casbin Authorization successful for path : /person/debit
09:37:54 [default-nioEventLoopGroup-1-3] INFO  com.restapi.Controller.PersonController - com.restapi.Controller.PersonController .HttpResponse<CustomResponse> cashWithdraw(@Body accoNo withdrawAmount)
09:37:59 [default-nioEventLoopGroup-1-3] INFO  com.restapi.auth.CasbinSecurity - Casbin Authorization successful for path : /person/transferBalanceRequest
09:39:32 [default-nioEventLoopGroup-1-2] INFO  com.restapi.auth.CasbinSecurity - Fall back to Micronaut security as authentication is null
09:39:32 [default-nioEventLoopGroup-1-3] INFO  com.restapi.auth.CasbinSecurity - Fall back to Micronaut security as authentication is null
09:39:32 [default-nioEventLoopGroup-1-2] INFO  com.restapi.auth.CasbinSecurity - Fall back to Micronaut security as authentication is null
09:39:32 [default-nioEventLoopGroup-1-4] INFO  com.restapi.auth.CasbinSecurity - Fall back to Micronaut security as authentication is null
09:39:33 [default-nioEventLoopGroup-1-2] INFO  com.restapi.auth.CasbinSecurity - Fall back to Micronaut security as authentication is null
09:39:33 [default-nioEventLoopGroup-1-2] INFO  com.restapi.auth.CasbinSecurity - Fall back to Micronaut security as authentication is null
